G75*
G70*
%OFA0B0*%
%FSLAX24Y24*%
%IPPOS*%
%LPD*%
%AMOC8*
5,1,8,0,0,1.08239X$1,22.5*
%
%ADD10C,0.0160*%
%ADD11C,0.0000*%
D10*
X000181Y006158D02*
X023803Y006158D01*
X023803Y012064D01*
X000181Y012064D01*
X000181Y006158D01*
D11*
X010829Y007119D02*
X010863Y007236D01*
X010956Y007316D01*
X011077Y007334D01*
X011188Y007283D01*
X011254Y007180D01*
X011254Y007058D01*
X011188Y006955D01*
X011077Y006904D01*
X010956Y006922D01*
X010863Y007002D01*
X010829Y007119D01*
X012600Y007119D02*
X012634Y007236D01*
X012727Y007316D01*
X012848Y007334D01*
X012959Y007283D01*
X013025Y007180D01*
X013025Y007058D01*
X012959Y006955D01*
X012848Y006904D01*
X012727Y006922D01*
X012634Y007002D01*
X012600Y007119D01*
M02*
